<?xml version="1.0" encoding="UTF-8"?>
<!-- Generated by org.testng.reporters.JUnitXMLReporter -->
<testsuite ignored="0" hostname="DESKTOP-EUKUS70" failures="0" tests="3" name="Surefire test" time="26.508" errors="0" timestamp="2025-09-21T10:33:30 WEST">
  <testcase classname="com.example.part2.tests.login.loginTest" name="testLoginErrorMessage" time="0.37"/>
  <testcase classname="com.example.part2.tests.products.ProductTest" name="testProductsHeaderIsDisplayed" time="0.417"/>
  <testcase classname="com.example.part3_4.tests.part3.javascript.JavaScriptTest" name="testScrollingToElement" time="0.153"/>
</testsuite> <!-- Surefire test -->
