<?xml version="1.0" encoding="UTF-8"?>
<testsuite xmlns:xsi="http://www.w3.org/2001/XMLSchema-instance" xsi:noNamespaceSchemaLocation="https://maven.apache.org/surefire/maven-surefire-plugin/xsd/surefire-test-report.xsd" name="TestSuite" time="26.887" tests="3" errors="0" skipped="0" failures="0">
  <properties>
[...]
</properties>
  <testcase name="testLoginErrorMessage" classname="com.example.part2.tests.login.loginTest" time="0.371"/>
  <testcase name="testProductsHeaderIsDisplayed" classname="com.example.part2.tests.products.ProductTest" time="0.417"/>
  <testcase name="testScrollingToElement" classname="com.example.part3_4.tests.part3.javascript.JavaScriptTest" time="0.153"/>
</testsuite>